2025-04-15T03:53:20.015Z [[32mhttp[39m]: POST /api/auth/login 401 409 - 313.796 ms
2025-04-15T03:53:56.415Z [[32mhttp[39m]: POST /api/auth/login 200 38 - 270.055 ms
2025-04-15T03:54:00.376Z [[32mhttp[39m]: GET /api/blogs 201 7881 - 37.521 ms
2025-04-15T03:54:00.733Z [[32mhttp[39m]: GET /uploads/1743127628596-412479926.webp 304 - - 5.191 ms
2025-04-15T03:55:22.947Z [[32mhttp[39m]: GET /api/blogs 201 7881 - 241.030 ms
2025-04-15T03:55:26.232Z [[32mhttp[39m]: POST /api/auth/logout 200 38 - 4.575 ms
2025-04-15T03:55:37.846Z [[32mhttp[39m]: POST /api/auth/login 401 409 - 529.284 ms
2025-04-15T03:56:18.237Z [[32mhttp[39m]: POST /api/auth/login 401 409 - 399.325 ms
2025-04-15T03:58:19.005Z [[32mhttp[39m]: POST /api/auth/login 401 409 - 379.780 ms
2025-04-15T04:00:22.515Z [[32mhttp[39m]: POST /api/auth/login 401 409 - 485.109 ms
2025-04-15T04:00:25.498Z [[32mhttp[39m]: POST /api/auth/login 401 409 - 180.747 ms
2025-04-15T04:01:08.618Z [[32mhttp[39m]: POST /api/auth/login 401 409 - 297.530 ms
2025-04-15T04:01:52.226Z [[32mhttp[39m]: POST /api/auth/login 404 496 - 151.313 ms
2025-04-15T04:04:05.844Z [[32mhttp[39m]: POST /api/auth/login 404 29 - 230.642 ms
2025-04-15T04:06:25.557Z [[31merror[39m]: HttpError - 404: User not found!
2025-04-15T04:06:25.577Z [[32mhttp[39m]: POST /api/auth/login 404 29 - 383.897 ms
2025-04-15T04:07:16.014Z [[32mhttp[39m]: POST /api/auth/login 200 38 - 373.325 ms
2025-04-15T04:07:18.908Z [[32mhttp[39m]: GET /api/blogs 201 7881 - 32.858 ms
2025-04-15T04:07:19.427Z [[32mhttp[39m]: GET /uploads/1743127628596-412479926.webp 304 - - 6.907 ms
2025-04-15T04:08:07.516Z [[32mhttp[39m]: GET /api/blogs 201 7881 - 229.577 ms
2025-04-15T04:08:15.633Z [[32mhttp[39m]: GET /api/blogs 201 7881 - 28.062 ms
2025-04-15T04:08:20.397Z [[32mhttp[39m]: GET /api/blogs 201 7881 - 15.544 ms
2025-04-15T04:09:12.702Z [[32mhttp[39m]: GET /api/blogs 201 7881 - 211.219 ms
2025-04-15T04:10:24.537Z [[32mhttp[39m]: GET /api/blogs 201 7881 - 208.956 ms
2025-04-15T04:11:11.229Z [[32mhttp[39m]: GET /api/blogs 201 7881 - 210.276 ms
2025-04-15T04:11:14.444Z [[32mhttp[39m]: GET /api/blogs 201 7881 - 17.762 ms
2025-04-15T04:11:20.055Z [[32mhttp[39m]: GET /api/blogs 201 7881 - 24.489 ms
2025-04-15T04:12:45.760Z [[32mhttp[39m]: GET /api/blogs 201 7881 - 161.420 ms
2025-04-15T04:15:12.874Z [[32mhttp[39m]: GET /api/blogs 201 7881 - 203.964 ms
2025-04-15T04:20:42.728Z [[32mhttp[39m]: GET /api/blogs 201 7881 - 407.324 ms
2025-04-15T04:24:54.869Z [[32mhttp[39m]: GET /api/blogs 201 7881 - 234.343 ms
2025-04-15T04:24:59.355Z [[32mhttp[39m]: POST /api/auth/logout 200 38 - 4.250 ms
2025-04-15T04:25:07.021Z [[32mhttp[39m]: POST /api/auth/login 429 62 - 1.124 ms
2025-04-15T04:25:10.315Z [[32mhttp[39m]: POST /api/auth/login 429 62 - 1.507 ms
2025-04-15T04:31:03.430Z [[31merror[39m]: HttpError - 401: Wrong Password!
2025-04-15T04:31:03.446Z [[32mhttp[39m]: POST /api/auth/login 401 29 - 760.345 ms
2025-04-15T04:31:08.925Z [[31merror[39m]: HttpError - 401: Wrong Password!
2025-04-15T04:31:08.927Z [[32mhttp[39m]: POST /api/auth/login 401 29 - 202.597 ms
2025-04-15T04:31:11.894Z [[31merror[39m]: HttpError - 401: Wrong Password!
2025-04-15T04:31:11.896Z [[32mhttp[39m]: POST /api/auth/login 401 29 - 213.481 ms
2025-04-15T04:31:42.185Z [[31merror[39m]: HttpError - 401: Wrong Password!
2025-04-15T04:31:42.195Z [[32mhttp[39m]: POST /api/auth/login 401 29 - 376.705 ms
2025-04-15T04:31:49.718Z [[31merror[39m]: HttpError - 401: Wrong Password!
2025-04-15T04:31:49.719Z [[32mhttp[39m]: POST /api/auth/login 401 29 - 138.590 ms
2025-04-15T04:31:53.681Z [[32mhttp[39m]: POST /api/auth/login 429 63 - 1.975 ms
2025-04-15T04:32:03.488Z [[32mhttp[39m]: POST /api/auth/login 429 63 - 0.983 ms
2025-04-15T04:36:40.418Z [[31merror[39m]: HttpError - 401: Wrong Password!
2025-04-15T04:36:40.424Z [[32mhttp[39m]: POST /api/auth/login 401 29 - 505.240 ms
2025-04-15T04:36:42.803Z [[31merror[39m]: HttpError - 401: Wrong Password!
2025-04-15T04:36:42.810Z [[32mhttp[39m]: POST /api/auth/login 401 29 - 212.871 ms
2025-04-15T04:36:44.904Z [[32mhttp[39m]: POST /api/auth/login 429 58 - 2.423 ms
2025-04-15T04:37:55.329Z [[31merror[39m]: HttpError - 401: Wrong Password!
2025-04-15T04:37:55.338Z [[32mhttp[39m]: POST /api/auth/login 401 29 - 581.644 ms
2025-04-15T04:37:57.724Z [[31merror[39m]: HttpError - 401: Wrong Password!
2025-04-15T04:37:57.726Z [[32mhttp[39m]: POST /api/auth/login 401 29 - 271.673 ms
2025-04-15T04:37:59.574Z [[32mhttp[39m]: POST /api/auth/login 429 72 - 4.007 ms
2025-04-15T04:38:46.765Z [[31merror[39m]: HttpError - 401: Wrong Password!
2025-04-15T04:38:46.786Z [[32mhttp[39m]: POST /api/auth/login 401 29 - 732.741 ms
2025-04-15T04:38:50.552Z [[31merror[39m]: HttpError - 401: Wrong Password!
2025-04-15T04:38:50.554Z [[32mhttp[39m]: POST /api/auth/login 401 29 - 175.748 ms
2025-04-15T04:38:52.448Z [[32mhttp[39m]: POST /api/auth/login 429 72 - 1.302 ms
2025-04-15T04:48:02.131Z [[31merror[39m]: HttpError - 401: Wrong Password!
2025-04-15T04:48:02.143Z [[32mhttp[39m]: POST /api/auth/login 401 29 - 534.716 ms
2025-04-15T04:48:04.760Z [[31merror[39m]: HttpError - 401: Wrong Password!
2025-04-15T04:48:04.762Z [[32mhttp[39m]: POST /api/auth/login 401 29 - 217.178 ms
2025-04-15T04:48:06.666Z [[32mhttp[39m]: POST /api/auth/login 429 72 - 3.402 ms
2025-04-15T07:03:37.464Z [[32mhttp[39m]: GET /auth/google 404 150 - 23.791 ms
2025-04-15T07:08:50.795Z [[32mhttp[39m]: GET /auth/google 404 150 - 20.748 ms
2025-04-15T07:09:15.678Z [[32mhttp[39m]: GET /auth/google 404 150 - 4.057 ms
2025-04-15T07:21:44.831Z [[32mhttp[39m]: GET /auth/google 404 150 - 14.091 ms
2025-04-15T07:21:46.055Z [[32mhttp[39m]: GET /auth/google 404 150 - 2.390 ms
2025-04-15T07:21:47.076Z [[32mhttp[39m]: GET /auth/google 404 150 - 0.942 ms
2025-04-15T07:21:52.273Z [[32mhttp[39m]: GET /API/auth/google 302 0 - 6.025 ms
2025-04-15T07:23:03.414Z [[32mhttp[39m]: GET /auth/google 404 150 - 12.602 ms
2025-04-15T07:23:09.803Z [[32mhttp[39m]: GET /auth/google 404 150 - 2.553 ms
2025-04-15T07:23:29.272Z [[32mhttp[39m]: GET /api/auth/google 302 0 - 7.121 ms
2025-04-15T07:26:18.216Z [[32mhttp[39m]: GET /api/auth/google 302 0 - 10.344 ms
2025-04-15T07:34:20.676Z [[32mhttp[39m]: GET /api/auth/google 302 0 - 14.593 ms
2025-04-15T07:36:24.067Z [[32mhttp[39m]: GET /api/auth/google 302 0 - 1.514 ms
2025-04-15T07:36:38.954Z [[32mhttp[39m]: GET /api/auth/google 302 0 - 1.537 ms
2025-04-15T07:37:03.761Z [[32mhttp[39m]: GET /api/auth/google 302 0 - 0.845 ms
2025-04-15T07:37:09.964Z [[32mhttp[39m]: GET /api/auth/google 302 0 - 1.282 ms
2025-04-15T07:37:16.039Z [[32mhttp[39m]: GET /api/auth/google 302 0 - 1.909 ms
2025-04-15T07:38:07.778Z [[32mhttp[39m]: GET /api/auth/google 302 0 - 1.167 ms
2025-04-15T07:38:20.472Z [[32mhttp[39m]: GET /api/auth/google 302 0 - 0.975 ms
2025-04-15T07:39:00.850Z [[32mhttp[39m]: GET /api/auth/google 302 0 - 1.017 ms
2025-04-15T07:39:06.431Z [[32mhttp[39m]: GET /api/auth/google 302 0 - 1.356 ms
2025-04-15T07:40:16.648Z [[32mhttp[39m]: GET /api/auth/google 302 0 - 0.874 ms
2025-04-15T07:40:26.339Z [[32mhttp[39m]: GET /api/auth/google 302 0 - 1.136 ms
2025-04-15T07:40:45.344Z [[32mhttp[39m]: GET /api/auth/google 302 0 - 1.044 ms
2025-04-15T07:42:07.404Z [[32mhttp[39m]: GET /api/auth/google 302 0 - 1.093 ms
2025-04-15T07:47:56.376Z [[32mhttp[39m]: GET /api/auth/google 302 0 - 17.230 ms
2025-04-15T07:48:08.087Z [[32mhttp[39m]: GET /auth/google/callback?code=4%2F0Ab_5qlnUyxANBNPps27xnnD2yr_Q-uIpJyIE0Z5tkWACvYqmNCUOArsLdT21bZrt4zHIaA&scope=email+profile+openid+https%3A%2F%2Fwww.googleapis.com%2Fauth%2Fuserinfo.profile+https%3A%2F%2Fwww.googleapis.com%2Fauth%2Fuserinfo.email&authuser=0&prompt=consent 404 159 - 8.515 ms
2025-04-15T07:48:19.820Z [[32mhttp[39m]: GET /api/auth/google/callback?code=4%2F0Ab_5qlnUyxANBNPps27xnnD2yr_Q-uIpJyIE0Z5tkWACvYqmNCUOArsLdT21bZrt4zHIaA&scope=email+profile+openid+https%3A%2F%2Fwww.googleapis.com%2Fauth%2Fuserinfo.profile+https%3A%2F%2Fwww.googleapis.com%2Fauth%2Fuserinfo.email&authuser=0&prompt=consent 302 63 - 1362.926 ms
2025-04-15T07:48:40.826Z [[32mhttp[39m]: GET /api/blogs 201 7881 - 422.619 ms
2025-04-15T07:48:40.917Z [[32mhttp[39m]: GET /uploads/1743127628596-412479926.webp 304 - - 5.383 ms
2025-04-15T07:48:56.584Z [[32mhttp[39m]: POST /api/auth/logout 200 38 - 2.294 ms
2025-04-15T07:48:59.728Z [[32mhttp[39m]: GET /api/auth/google 302 0 - 0.843 ms
2025-04-15T07:50:43.653Z [[32mhttp[39m]: GET /api/auth/google 302 0 - 21.632 ms
2025-04-15T07:50:51.390Z [[32mhttp[39m]: GET /api/auth/google 302 0 - 1.887 ms
2025-04-15T07:53:06.334Z [[32mhttp[39m]: GET /api/auth/google 302 0 - 12.598 ms
2025-04-15T07:53:13.393Z [[32mhttp[39m]: GET /api/auth/google/callback?code=4%2F0Ab_5qln2KZDgOfWSuZhR5nX3IZHWlb9mHLZKXJvN4gbztrWMe84jx72y3fqJEuwh25f9uw&scope=email+profile+https%3A%2F%2Fwww.googleapis.com%2Fauth%2Fuserinfo.email+https%3A%2F%2Fwww.googleapis.com%2Fauth%2Fuserinfo.profile+openid&authuser=0&prompt=none 302 63 - 1765.292 ms
2025-04-15T07:53:24.086Z [[32mhttp[39m]: GET /api/blogs 201 7881 - 135.569 ms
2025-04-15T07:53:24.151Z [[32mhttp[39m]: GET /uploads/1743127628596-412479926.webp 304 - - 6.223 ms
2025-04-15T07:56:06.234Z [[32mhttp[39m]: POST /api/auth/logout 200 38 - 2.466 ms
2025-04-15T07:56:08.741Z [[32mhttp[39m]: GET /api/auth/google 302 0 - 0.811 ms
2025-04-15T07:56:33.468Z [[32mhttp[39m]: GET /api/auth/google 302 0 - 1.351 ms
2025-04-15T07:57:01.515Z [[32mhttp[39m]: GET /api/auth/google 302 0 - 1.280 ms
2025-04-15T07:57:09.145Z [[32mhttp[39m]: GET /api/auth/google 302 0 - 1.117 ms
2025-04-15T07:57:20.092Z [[32mhttp[39m]: GET /api/auth/google/callback?code=4%2F0Ab_5qlmg2Xql4Txexssg07TDwa8BBksegD27FokYC9yxNB7fIg9IZxKeRwSzuhz1qVZlsQ&scope=email+profile+openid+https%3A%2F%2Fwww.googleapis.com%2Fauth%2Fuserinfo.profile+https%3A%2F%2Fwww.googleapis.com%2Fauth%2Fuserinfo.email&authuser=1&prompt=consent 302 74 - 953.041 ms
2025-04-15T08:01:44.767Z [[32mhttp[39m]: GET /api/auth/google 302 0 - 11.348 ms
2025-04-15T08:02:25.961Z [[32mhttp[39m]: GET /api/auth/google/callback?code=4%2F0Ab_5qlkIGgKMkH7aSD39LClmFxwTJlTjBx_mE1BKju0GZZZmil2YZaSYT4E-DYZj_sf7sA&scope=email+profile+https%3A%2F%2Fwww.googleapis.com%2Fauth%2Fuserinfo.profile+openid+https%3A%2F%2Fwww.googleapis.com%2Fauth%2Fuserinfo.email&authuser=0&prompt=none 302 63 - 1305.054 ms
2025-04-15T08:02:34.260Z [[32mhttp[39m]: POST /api/auth/logout 200 38 - 4.245 ms
2025-04-21T02:57:32.459Z [[32mhttp[39m]: POST /api/auth/login 200 38 - 1024.905 ms
2025-04-21T02:57:43.806Z [[32mhttp[39m]: GET /api/blogs 201 7881 - 231.688 ms
2025-04-21T02:57:44.740Z [[32mhttp[39m]: GET /uploads/1743127628596-412479926.webp 304 - - 4.540 ms
2025-04-21T02:58:33.185Z [[32mhttp[39m]: GET /api/blogs 201 7881 - 257.262 ms
2025-04-21T03:04:30.919Z [[32mhttp[39m]: GET /api/blogs 201 7881 - 331.946 ms
2025-04-21T03:04:30.996Z [[32mhttp[39m]: GET /uploads/1743127628596-412479926.webp 304 - - 1.754 ms
2025-04-21T03:04:34.012Z [[32mhttp[39m]: GET /api/blogs 201 7881 - 11.277 ms
2025-04-21T03:04:45.966Z [[32mhttp[39m]: GET /api/blogs/the-evolution-of-digital-innovation 304 - - 154.877 ms
2025-04-21T03:04:46.019Z [[32mhttp[39m]: GET /uploads/1743127628597-251114029.webp 304 - - 1.719 ms
2025-04-21T03:04:46.028Z [[32mhttp[39m]: GET /uploads/1743127628599-16462109.webp 304 - - 1.855 ms
2025-04-21T03:04:46.036Z [[32mhttp[39m]: GET /uploads/1743127628600-919084392.jpg 304 - - 1.593 ms
2025-04-21T03:04:46.055Z [[32mhttp[39m]: GET /uploads/1743127628601-768746754.jpg 304 - - 1.589 ms
2025-04-21T03:04:48.665Z [[32mhttp[39m]: GET /api/blogs/the-evolution-of-digital-innovation 304 - - 24.835 ms
2025-04-21T03:05:07.850Z [[32mhttp[39m]: GET /api/blogs 201 7881 - 376.658 ms
2025-04-21T03:10:12.668Z [[32mhttp[39m]: GET /api/blogs 201 7881 - 209.916 ms
2025-04-21T03:10:15.498Z [[32mhttp[39m]: GET /api/blogs/update-the-art-of-brewing-1 200 3661 - 18.734 ms
2025-04-21T03:10:20.400Z [[32mhttp[39m]: GET /api/blogs 201 7881 - 36.367 ms
2025-04-21T03:12:23.133Z [[32mhttp[39m]: GET /api/blogs 201 7881 - 159.185 ms
2025-04-21T03:13:13.914Z [[32mhttp[39m]: GET /api/blogs 201 7881 - 378.031 ms
2025-04-21T03:14:24.987Z [[32mhttp[39m]: GET /api/blogs 201 7881 - 225.988 ms
2025-04-21T03:15:36.828Z [[32mhttp[39m]: GET /api/blogs 201 7881 - 412.090 ms
2025-04-21T03:17:21.068Z [[32mhttp[39m]: GET /api/blogs 201 7881 - 164.086 ms
2025-04-21T03:17:24.126Z [[32mhttp[39m]: GET /api/blogs 201 7881 - 16.245 ms
2025-04-21T03:17:38.083Z [[32mhttp[39m]: GET /api/blogs 201 7881 - 380.744 ms
2025-04-21T03:42:46.654Z [[32mhttp[39m]: GET /api/blogs 201 7881 - 205.371 ms
2025-04-21T03:52:28.146Z [[32mhttp[39m]: GET /api/blogs 201 7881 - 138.008 ms
2025-04-21T03:52:33.420Z [[32mhttp[39m]: GET /api/blogs 201 7881 - 12.822 ms
2025-04-21T03:54:15.548Z [[32mhttp[39m]: GET /api/blogs 201 7881 - 213.556 ms
2025-04-21T03:54:17.154Z [[32mhttp[39m]: GET /uploads/1743127628596-412479926.webp 304 - - 3.884 ms
2025-04-21T04:00:55.767Z [[32mhttp[39m]: GET /api/blogs 201 7881 - 177.452 ms
2025-04-21T04:01:14.272Z [[31merror[39m]: HttpError - 404: User not found!
2025-04-21T04:01:14.275Z [[32mhttp[39m]: POST /api/auth/login 404 29 - 364.540 ms
2025-04-21T04:01:20.074Z [[32mhttp[39m]: POST /api/auth/login 200 38 - 217.793 ms
2025-04-21T04:01:22.441Z [[32mhttp[39m]: GET /api/blogs 201 7881 - 22.466 ms
2025-04-21T04:01:22.633Z [[32mhttp[39m]: GET /uploads/1743127628596-412479926.webp 304 - - 1.386 ms
2025-04-21T04:02:18.138Z [[32mhttp[39m]: GET /api/blogs 201 7881 - 200.490 ms
2025-04-21T04:04:21.047Z [[32mhttp[39m]: GET /api/blogs 201 7881 - 179.957 ms
2025-04-21T04:04:30.014Z [[32mhttp[39m]: GET /api/blogs 201 7881 - 13.132 ms
2025-04-21T06:29:42.136Z [[32mhttp[39m]: GET /api/auth/google 302 0 - 13.859 ms
2025-04-21T06:29:47.646Z [[32mhttp[39m]: GET /api/auth/google/callback?code=4%2F0Ab_5qllgrx1O6rF8vDGkBBAzFs6FI0VNSjAkRvjSvDC7qBSw_eH375DOfq9XPGS4CBxo_g&scope=email+profile+https%3A%2F%2Fwww.googleapis.com%2Fauth%2Fuserinfo.email+https%3A%2F%2Fwww.googleapis.com%2Fauth%2Fuserinfo.profile+openid&authuser=0&prompt=none 302 63 - 1638.193 ms
2025-04-21T06:30:03.808Z [[32mhttp[39m]: GET /api/blogs 201 7881 - 272.181 ms
2025-04-21T06:30:03.936Z [[32mhttp[39m]: GET /uploads/1743127628596-412479926.webp 304 - - 11.859 ms
2025-04-21T06:30:12.573Z [[32mhttp[39m]: GET /api/blogs 201 7881 - 30.992 ms
2025-04-21T06:30:26.159Z [[32mhttp[39m]: GET /api/blogs 201 7881 - 249.145 ms
2025-04-21T06:30:51.454Z [[32mhttp[39m]: GET /api/blogs 201 7881 - 180.612 ms
2025-04-21T06:32:18.255Z [[32mhttp[39m]: GET /api/blogs 201 7881 - 160.691 ms
2025-04-21T06:32:52.126Z [[32mhttp[39m]: GET /api/blogs 201 7881 - 210.330 ms
2025-04-21T06:33:13.050Z [[32mhttp[39m]: GET /api/blogs 201 7881 - 529.944 ms
2025-04-21T06:33:21.037Z [[32mhttp[39m]: GET /api/blogs 201 7881 - 10.692 ms
2025-04-21T06:34:41.995Z [[32mhttp[39m]: GET /api/blogs 201 7881 - 383.646 ms
2025-04-21T06:34:56.708Z [[32mhttp[39m]: GET /api/blogs 201 7881 - 132.203 ms
2025-04-21T06:36:20.813Z [[32mhttp[39m]: GET /api/blogs 201 7881 - 173.227 ms
2025-04-21T06:36:39.195Z [[32mhttp[39m]: GET /api/blogs 201 7881 - 156.375 ms
2025-04-21T06:37:20.462Z [[32mhttp[39m]: GET /api/blogs 201 7881 - 193.618 ms
2025-04-21T06:38:06.588Z [[32mhttp[39m]: GET /api/blogs 201 7881 - 234.784 ms
2025-04-21T06:38:17.184Z [[32mhttp[39m]: GET /api/blogs 201 7881 - 154.665 ms
2025-04-21T06:38:23.747Z [[32mhttp[39m]: GET /api/blogs 201 7881 - 8.583 ms
2025-04-21T06:39:40.394Z [[32mhttp[39m]: GET /api/blogs 201 7881 - 180.411 ms
2025-04-21T06:58:48.131Z [[32mhttp[39m]: GET /api/blogs 201 7881 - 167.633 ms
2025-04-21T06:59:15.247Z [[32mhttp[39m]: GET /api/blogs 201 7881 - 182.431 ms
2025-04-21T07:05:13.589Z [[32mhttp[39m]: GET /api/blogs 201 7881 - 177.809 ms
2025-04-21T07:05:17.237Z [[32mhttp[39m]: POST /api/auth/logout 200 38 - 7.069 ms
2025-04-21T07:05:28.060Z [[32mhttp[39m]: POST /api/auth/login 200 38 - 487.992 ms
2025-04-21T07:05:30.195Z [[32mhttp[39m]: GET /api/blogs 201 7881 - 22.717 ms
2025-04-21T07:05:30.342Z [[32mhttp[39m]: GET /uploads/1743127628596-412479926.webp 304 - - 3.729 ms
2025-04-21T07:05:34.554Z [[32mhttp[39m]: POST /api/auth/logout 200 38 - 0.811 ms
2025-04-21T07:05:43.596Z [[32mhttp[39m]: POST /api/auth/login 200 38 - 287.183 ms
2025-04-21T07:05:46.940Z [[32mhttp[39m]: GET /api/blogs 201 7881 - 27.448 ms
2025-04-21T07:05:47.073Z [[32mhttp[39m]: GET /uploads/1743127628596-412479926.webp 304 - - 1.411 ms
2025-04-21T07:05:50.455Z [[32mhttp[39m]: POST /api/auth/logout 200 38 - 5.423 ms
2025-04-21T07:06:01.008Z [[32mhttp[39m]: POST /api/auth/login 429 72 - 1.914 ms
2025-04-21T07:13:34.688Z [[32mhttp[39m]: POST /api/auth/login 429 72 - 2.786 ms
2025-04-21T07:15:09.306Z [[32mhttp[39m]: POST /api/auth/login 429 72 - 2.612 ms
2025-04-21T07:27:07.266Z [[31merror[39m]: HttpError - 401: Wrong Password!
2025-04-21T07:27:07.267Z [[32mhttp[39m]: POST /api/auth/login 401 29 - 296.705 ms
2025-04-21T07:27:15.363Z [[32mhttp[39m]: POST /api/auth/login 200 38 - 262.654 ms
2025-04-21T07:27:17.064Z [[32mhttp[39m]: GET /api/blogs 201 7881 - 21.802 ms
2025-04-21T07:27:17.313Z [[32mhttp[39m]: GET /uploads/1743127628596-412479926.webp 304 - - 1.802 ms
2025-04-21T07:31:39.248Z [[32mhttp[39m]: GET /api/blogs 201 7881 - 134.790 ms
2025-04-21T07:32:01.447Z [[32mhttp[39m]: GET /api/blogs 201 7881 - 215.452 ms
2025-04-21T07:37:25.043Z [[32mhttp[39m]: GET /api/blogs 201 7881 - 153.161 ms
2025-04-21T07:42:18.166Z [[32mhttp[39m]: GET /api/blogs 201 7881 - 226.950 ms
2025-04-21T07:42:24.029Z [[32mhttp[39m]: GET /api/blogs 201 7881 - 17.819 ms
2025-04-21T07:42:40.859Z [[32mhttp[39m]: GET /api/blogs/update-the-art-of-brewing-1 200 3661 - 247.339 ms
2025-04-21T07:42:40.881Z [[32mhttp[39m]: GET /api/blogs/update-the-art-of-brewing-1 304 - - 14.604 ms
2025-04-21T07:43:27.598Z [[32mhttp[39m]: GET /api/blogs/update-the-art-of-brewing-1 304 - - 122.585 ms
2025-04-21T07:47:12.462Z [[32mhttp[39m]: GET /api/blogs/update-the-art-of-brewing-1 304 - - 1028.755 ms
2025-04-21T08:08:00.404Z [[32mhttp[39m]: GET /socket.io/?EIO=4&transport=websocket 404 149 - 39.517 ms
2025-04-21T08:08:00.583Z [[32mhttp[39m]: GET /socket.io/?EIO=4&transport=websocket 404 149 - 9.143 ms
2025-04-21T08:08:00.603Z [[32mhttp[39m]: GET /api/system-config/ 404 157 - 1.844 ms
2025-04-21T08:08:02.132Z [[32mhttp[39m]: GET /socket.io/?EIO=4&transport=websocket 404 149 - 1.580 ms
2025-04-21T08:08:02.234Z [[32mhttp[39m]: GET /socket.io/?EIO=4&transport=websocket 404 149 - 1.221 ms
2025-04-21T08:08:02.688Z [[32mhttp[39m]: GET /socket.io/?EIO=4&transport=websocket 404 149 - 1.801 ms
2025-04-21T08:08:05.230Z [[32mhttp[39m]: GET /socket.io/?EIO=4&transport=websocket 404 149 - 1.651 ms
2025-04-21T08:08:05.268Z [[32mhttp[39m]: GET /socket.io/?EIO=4&transport=websocket 404 149 - 1.767 ms
2025-04-21T08:08:07.164Z [[32mhttp[39m]: GET /socket.io/?EIO=4&transport=websocket 404 149 - 8.310 ms
2025-04-21T08:08:08.119Z [[32mhttp[39m]: GET /socket.io/?EIO=4&transport=websocket 404 149 - 3.038 ms
2025-04-21T08:08:11.134Z [[32mhttp[39m]: GET /socket.io/?EIO=4&transport=websocket 404 149 - 1.895 ms
2025-04-21T08:08:16.182Z [[32mhttp[39m]: GET /socket.io/?EIO=4&transport=websocket 404 149 - 1.943 ms
2025-04-21T08:08:22.477Z [[32mhttp[39m]: GET /socket.io/?EIO=4&transport=websocket 404 149 - 1.869 ms
2025-04-21T08:08:29.376Z [[32mhttp[39m]: GET /socket.io/?EIO=4&transport=websocket 404 149 - 3.006 ms
2025-04-21T08:08:35.294Z [[32mhttp[39m]: GET /socket.io/?EIO=4&transport=websocket 404 149 - 1.370 ms
2025-04-21T08:08:41.105Z [[32mhttp[39m]: GET /socket.io/?EIO=4&transport=websocket 404 149 - 1.514 ms
2025-04-21T08:08:47.505Z [[32mhttp[39m]: GET /socket.io/?EIO=4&transport=websocket 404 149 - 1.396 ms
2025-04-21T08:08:53.530Z [[32mhttp[39m]: GET /socket.io/?EIO=4&transport=websocket 404 149 - 2.266 ms
2025-04-21T08:08:59.103Z [[32mhttp[39m]: GET /socket.io/?EIO=4&transport=websocket 404 149 - 1.577 ms
2025-04-21T08:09:05.183Z [[32mhttp[39m]: GET /socket.io/?EIO=4&transport=websocket 404 149 - 1.072 ms
2025-04-21T08:09:11.113Z [[32mhttp[39m]: GET /socket.io/?EIO=4&transport=websocket 404 149 - 1.089 ms
2025-04-21T08:09:17.113Z [[32mhttp[39m]: GET /socket.io/?EIO=4&transport=websocket 404 149 - 1.564 ms
2025-04-21T08:09:23.154Z [[32mhttp[39m]: GET /socket.io/?EIO=4&transport=websocket 404 149 - 0.902 ms
2025-04-21T08:09:29.119Z [[32mhttp[39m]: GET /socket.io/?EIO=4&transport=websocket 404 149 - 4.766 ms
2025-04-21T08:09:35.186Z [[32mhttp[39m]: GET /socket.io/?EIO=4&transport=websocket 404 149 - 0.856 ms
2025-04-21T08:09:41.189Z [[32mhttp[39m]: GET /socket.io/?EIO=4&transport=websocket 404 149 - 0.996 ms
2025-04-21T08:09:47.268Z [[32mhttp[39m]: GET /socket.io/?EIO=4&transport=websocket 404 149 - 1.010 ms
2025-04-21T08:09:53.238Z [[32mhttp[39m]: GET /socket.io/?EIO=4&transport=websocket 404 149 - 5.717 ms
2025-04-21T08:09:59.698Z [[32mhttp[39m]: GET /socket.io/?EIO=4&transport=websocket 404 149 - 1.132 ms
2025-04-21T08:10:06.165Z [[32mhttp[39m]: GET /socket.io/?EIO=4&transport=websocket 404 149 - 0.911 ms
2025-04-21T08:10:13.704Z [[32mhttp[39m]: GET /socket.io/?EIO=4&transport=websocket 404 149 - 1.110 ms
2025-04-21T08:10:21.613Z [[32mhttp[39m]: GET /socket.io/?EIO=4&transport=websocket 404 149 - 2.836 ms
2025-04-21T08:10:28.049Z [[32mhttp[39m]: GET /socket.io/?EIO=4&transport=websocket 404 149 - 1.345 ms
2025-04-21T08:10:36.610Z [[32mhttp[39m]: GET /socket.io/?EIO=4&transport=websocket 404 149 - 1.291 ms
2025-04-21T08:10:42.131Z [[32mhttp[39m]: GET /socket.io/?EIO=4&transport=websocket 404 149 - 0.901 ms
2025-04-21T08:10:48.114Z [[32mhttp[39m]: GET /socket.io/?EIO=4&transport=websocket 404 149 - 1.608 ms
2025-04-21T08:10:54.105Z [[32mhttp[39m]: GET /socket.io/?EIO=4&transport=websocket 404 149 - 2.632 ms
2025-04-21T08:11:00.120Z [[32mhttp[39m]: GET /socket.io/?EIO=4&transport=websocket 404 149 - 2.309 ms
2025-04-21T08:11:06.151Z [[32mhttp[39m]: GET /socket.io/?EIO=4&transport=websocket 404 149 - 0.962 ms
2025-04-21T08:11:12.350Z [[32mhttp[39m]: GET /socket.io/?EIO=4&transport=websocket 404 149 - 4.953 ms
2025-04-21T08:11:19.117Z [[32mhttp[39m]: GET /socket.io/?EIO=4&transport=websocket 404 149 - 1.174 ms
2025-04-21T08:11:25.127Z [[32mhttp[39m]: GET /socket.io/?EIO=4&transport=websocket 404 149 - 0.949 ms
2025-04-21T08:11:31.174Z [[32mhttp[39m]: GET /socket.io/?EIO=4&transport=websocket 404 149 - 1.777 ms
2025-04-21T08:11:37.138Z [[32mhttp[39m]: GET /socket.io/?EIO=4&transport=websocket 404 149 - 1.095 ms
2025-04-21T08:11:43.191Z [[32mhttp[39m]: GET /socket.io/?EIO=4&transport=websocket 404 149 - 1.464 ms
2025-04-21T08:11:49.156Z [[32mhttp[39m]: GET /socket.io/?EIO=4&transport=websocket 404 149 - 4.249 ms
2025-04-21T08:11:54.994Z [[32mhttp[39m]: GET /socket.io/?EIO=4&transport=websocket 404 149 - 1.495 ms
2025-04-21T08:12:00.662Z [[32mhttp[39m]: GET /socket.io/?EIO=4&transport=websocket 404 149 - 1.552 ms
2025-04-21T08:12:06.923Z [[32mhttp[39m]: GET /socket.io/?EIO=4&transport=websocket 404 149 - 10.165 ms
2025-04-21T08:12:13.147Z [[32mhttp[39m]: GET /socket.io/?EIO=4&transport=websocket 404 149 - 1.815 ms
2025-04-21T08:12:23.855Z [[32mhttp[39m]: GET /socket.io/?EIO=4&transport=websocket 404 149 - 1.202 ms
2025-04-21T08:12:32.652Z [[32mhttp[39m]: GET /socket.io/?EIO=4&transport=websocket 404 149 - 1.122 ms
2025-04-21T08:12:39.294Z [[32mhttp[39m]: GET /socket.io/?EIO=4&transport=websocket 404 149 - 0.973 ms
2025-04-21T08:12:45.109Z [[32mhttp[39m]: GET /socket.io/?EIO=4&transport=websocket 404 149 - 2.015 ms
2025-04-21T08:12:51.132Z [[32mhttp[39m]: GET /socket.io/?EIO=4&transport=websocket 404 149 - 2.326 ms
2025-04-21T08:12:57.249Z [[32mhttp[39m]: GET /socket.io/?EIO=4&transport=websocket 404 149 - 1.275 ms
2025-04-21T08:13:03.111Z [[32mhttp[39m]: GET /socket.io/?EIO=4&transport=websocket 404 149 - 1.653 ms
2025-04-21T08:13:09.112Z [[32mhttp[39m]: GET /socket.io/?EIO=4&transport=websocket 404 149 - 1.789 ms
2025-04-21T08:13:15.109Z [[32mhttp[39m]: GET /socket.io/?EIO=4&transport=websocket 404 149 - 1.161 ms
2025-04-21T08:13:20.834Z [[32mhttp[39m]: GET /socket.io/?EIO=4&transport=websocket 404 149 - 1.137 ms
2025-04-21T08:13:25.894Z [[32mhttp[39m]: GET /socket.io/?EIO=4&transport=websocket 404 149 - 0.942 ms
2025-04-21T08:13:30.923Z [[32mhttp[39m]: GET /socket.io/?EIO=4&transport=websocket 404 149 - 0.749 ms
2025-04-21T08:13:35.960Z [[32mhttp[39m]: GET /socket.io/?EIO=4&transport=websocket 404 149 - 1.297 ms
2025-04-21T08:13:41.224Z [[32mhttp[39m]: GET /socket.io/?EIO=4&transport=websocket 404 149 - 1.113 ms
2025-04-21T08:13:46.333Z [[32mhttp[39m]: GET /socket.io/?EIO=4&transport=websocket 404 149 - 1.731 ms
2025-04-21T08:13:51.592Z [[32mhttp[39m]: GET /socket.io/?EIO=4&transport=websocket 404 149 - 1.351 ms
2025-04-21T08:13:57.218Z [[32mhttp[39m]: GET /socket.io/?EIO=4&transport=websocket 404 149 - 1.563 ms
2025-04-21T08:14:03.599Z [[32mhttp[39m]: GET /socket.io/?EIO=4&transport=websocket 404 149 - 0.981 ms
2025-04-21T08:14:10.357Z [[32mhttp[39m]: GET /socket.io/?EIO=4&transport=websocket 404 149 - 2.195 ms
2025-04-21T08:14:19.567Z [[32mhttp[39m]: GET /socket.io/?EIO=4&transport=websocket 404 149 - 1.468 ms
2025-04-21T08:14:27.821Z [[32mhttp[39m]: GET /socket.io/?EIO=4&transport=websocket 404 149 - 1.456 ms
2025-04-21T08:14:35.270Z [[32mhttp[39m]: GET /socket.io/?EIO=4&transport=websocket 404 149 - 2.450 ms
2025-04-21T08:14:44.063Z [[32mhttp[39m]: GET /socket.io/?EIO=4&transport=websocket 404 149 - 1.009 ms
2025-04-21T08:14:49.111Z [[32mhttp[39m]: GET /socket.io/?EIO=4&transport=websocket 404 149 - 1.351 ms
2025-04-21T08:14:55.121Z [[32mhttp[39m]: GET /socket.io/?EIO=4&transport=websocket 404 149 - 1.095 ms
2025-04-21T08:15:01.116Z [[32mhttp[39m]: GET /socket.io/?EIO=4&transport=websocket 404 149 - 1.600 ms
2025-04-21T08:15:06.127Z [[32mhttp[39m]: GET /socket.io/?EIO=4&transport=websocket 404 149 - 1.039 ms
2025-04-21T08:15:11.145Z [[32mhttp[39m]: GET /socket.io/?EIO=4&transport=websocket 404 149 - 0.938 ms
2025-04-21T08:15:16.174Z [[32mhttp[39m]: GET /socket.io/?EIO=4&transport=websocket 404 149 - 2.130 ms
2025-04-21T08:15:21.200Z [[32mhttp[39m]: GET /socket.io/?EIO=4&transport=websocket 404 149 - 1.584 ms
2025-04-21T08:15:27.130Z [[32mhttp[39m]: GET /socket.io/?EIO=4&transport=websocket 404 149 - 1.546 ms
2025-04-21T08:15:33.131Z [[32mhttp[39m]: GET /socket.io/?EIO=4&transport=websocket 404 149 - 1.260 ms
2025-04-21T08:15:39.127Z [[32mhttp[39m]: GET /socket.io/?EIO=4&transport=websocket 404 149 - 1.610 ms
2025-04-21T08:15:45.183Z [[32mhttp[39m]: GET /socket.io/?EIO=4&transport=websocket 404 149 - 0.813 ms
2025-04-21T08:15:51.238Z [[32mhttp[39m]: GET /socket.io/?EIO=4&transport=websocket 404 149 - 1.016 ms
2025-04-21T08:15:57.405Z [[32mhttp[39m]: GET /socket.io/?EIO=4&transport=websocket 404 149 - 1.209 ms
2025-04-21T08:16:03.261Z [[32mhttp[39m]: GET /socket.io/?EIO=4&transport=websocket 404 149 - 1.500 ms
2025-04-21T08:16:09.613Z [[32mhttp[39m]: GET /socket.io/?EIO=4&transport=websocket 404 149 - 1.472 ms
2025-04-21T08:16:16.166Z [[32mhttp[39m]: GET /socket.io/?EIO=4&transport=websocket 404 149 - 1.342 ms
2025-04-21T08:16:25.312Z [[32mhttp[39m]: GET /socket.io/?EIO=4&transport=websocket 404 149 - 1.116 ms
2025-04-21T08:16:35.280Z [[32mhttp[39m]: GET /socket.io/?EIO=4&transport=websocket 404 149 - 1.031 ms
2025-04-21T08:16:45.027Z [[32mhttp[39m]: GET /socket.io/?EIO=4&transport=websocket 404 149 - 0.776 ms
2025-04-21T08:16:50.120Z [[32mhttp[39m]: GET /socket.io/?EIO=4&transport=websocket 404 149 - 7.023 ms
2025-04-21T08:16:57.913Z [[32mhttp[39m]: GET /socket.io/?EIO=4&transport=websocket 404 149 - 0.699 ms
2025-04-21T08:17:03.107Z [[32mhttp[39m]: GET /socket.io/?EIO=4&transport=websocket 404 149 - 1.023 ms
2025-04-21T08:17:08.662Z [[32mhttp[39m]: GET /socket.io/?EIO=4&transport=websocket 404 149 - 2.766 ms
2025-04-21T08:17:14.123Z [[32mhttp[39m]: GET /socket.io/?EIO=4&transport=websocket 404 149 - 0.683 ms
2025-04-21T08:17:20.129Z [[32mhttp[39m]: GET /socket.io/?EIO=4&transport=websocket 404 149 - 1.395 ms
2025-04-21T08:17:26.115Z [[32mhttp[39m]: GET /socket.io/?EIO=4&transport=websocket 404 149 - 1.030 ms
2025-04-21T08:17:32.137Z [[32mhttp[39m]: GET /socket.io/?EIO=4&transport=websocket 404 149 - 0.897 ms
2025-04-21T08:17:38.127Z [[32mhttp[39m]: GET /socket.io/?EIO=4&transport=websocket 404 149 - 0.933 ms
2025-04-21T08:17:44.152Z [[32mhttp[39m]: GET /socket.io/?EIO=4&transport=websocket 404 149 - 0.928 ms
2025-04-21T08:17:50.227Z [[32mhttp[39m]: GET /socket.io/?EIO=4&transport=websocket 404 149 - 0.704 ms
2025-04-21T08:17:56.255Z [[32mhttp[39m]: GET /socket.io/?EIO=4&transport=websocket 404 149 - 0.770 ms
2025-04-21T08:18:02.360Z [[32mhttp[39m]: GET /socket.io/?EIO=4&transport=websocket 404 149 - 0.835 ms
2025-04-21T08:18:08.257Z [[32mhttp[39m]: GET /socket.io/?EIO=4&transport=websocket 404 149 - 0.803 ms
2025-04-21T08:18:15.149Z [[32mhttp[39m]: GET /socket.io/?EIO=4&transport=websocket 404 149 - 1.193 ms
2025-04-21T08:18:22.046Z [[32mhttp[39m]: GET /socket.io/?EIO=4&transport=websocket 404 149 - 1.032 ms
2025-04-21T08:18:29.338Z [[32mhttp[39m]: GET /socket.io/?EIO=4&transport=websocket 404 149 - 1.000 ms
2025-04-21T08:18:38.461Z [[32mhttp[39m]: GET /socket.io/?EIO=4&transport=websocket 404 149 - 1.065 ms
2025-04-21T08:18:45.213Z [[32mhttp[39m]: GET /socket.io/?EIO=4&transport=websocket 404 149 - 1.105 ms
2025-04-21T08:18:52.943Z [[32mhttp[39m]: GET /socket.io/?EIO=4&transport=websocket 404 149 - 0.802 ms
2025-04-21T08:19:03.354Z [[32mhttp[39m]: GET /socket.io/?EIO=4&transport=websocket 404 149 - 0.988 ms
2025-04-21T08:19:11.502Z [[32mhttp[39m]: GET /socket.io/?EIO=4&transport=websocket 404 149 - 2.311 ms
2025-04-21T08:19:21.290Z [[32mhttp[39m]: GET /socket.io/?EIO=4&transport=websocket 404 149 - 1.037 ms
2025-04-21T08:19:28.585Z [[32mhttp[39m]: GET /socket.io/?EIO=4&transport=websocket 404 149 - 2.280 ms
2025-04-21T08:19:38.023Z [[32mhttp[39m]: GET /socket.io/?EIO=4&transport=websocket 404 149 - 2.755 ms
2025-04-21T08:19:47.639Z [[32mhttp[39m]: GET /socket.io/?EIO=4&transport=websocket 404 149 - 2.788 ms
2025-04-21T08:19:58.099Z [[32mhttp[39m]: GET /socket.io/?EIO=4&transport=websocket 404 149 - 3.368 ms
2025-04-21T08:20:06.980Z [[32mhttp[39m]: GET /socket.io/?EIO=4&transport=websocket 404 149 - 1.438 ms
2025-04-21T08:20:14.193Z [[32mhttp[39m]: GET /socket.io/?EIO=4&transport=websocket 404 149 - 1.142 ms
2025-04-21T08:20:22.527Z [[32mhttp[39m]: GET /socket.io/?EIO=4&transport=websocket 404 149 - 1.065 ms
2025-04-21T08:20:31.156Z [[32mhttp[39m]: GET /socket.io/?EIO=4&transport=websocket 404 149 - 1.236 ms
2025-04-21T08:20:38.989Z [[32mhttp[39m]: GET /socket.io/?EIO=4&transport=websocket 404 149 - 0.845 ms
2025-04-21T08:20:46.957Z [[32mhttp[39m]: GET /socket.io/?EIO=4&transport=websocket 404 149 - 1.865 ms
2025-04-21T08:20:53.287Z [[32mhttp[39m]: GET /socket.io/?EIO=4&transport=websocket 404 149 - 0.924 ms
2025-04-21T08:21:01.251Z [[32mhttp[39m]: GET /socket.io/?EIO=4&transport=websocket 404 149 - 0.929 ms
2025-04-21T08:21:09.245Z [[32mhttp[39m]: GET /socket.io/?EIO=4&transport=websocket 404 149 - 1.079 ms
2025-04-21T08:21:17.024Z [[32mhttp[39m]: GET /socket.io/?EIO=4&transport=websocket 404 149 - 0.903 ms
2025-04-21T08:21:24.741Z [[32mhttp[39m]: GET /socket.io/?EIO=4&transport=websocket 404 149 - 1.085 ms
2025-04-21T08:21:31.257Z [[32mhttp[39m]: GET /socket.io/?EIO=4&transport=websocket 404 149 - 1.309 ms
2025-04-21T08:21:39.630Z [[32mhttp[39m]: GET /socket.io/?EIO=4&transport=websocket 404 149 - 1.466 ms
2025-04-21T08:21:46.304Z [[32mhttp[39m]: GET /socket.io/?EIO=4&transport=websocket 404 149 - 5.443 ms
2025-04-21T08:21:53.215Z [[32mhttp[39m]: GET /socket.io/?EIO=4&transport=websocket 404 149 - 1.002 ms
2025-04-21T08:22:01.431Z [[32mhttp[39m]: GET /socket.io/?EIO=4&transport=websocket 404 149 - 1.218 ms
2025-04-21T08:22:08.388Z [[32mhttp[39m]: GET /socket.io/?EIO=4&transport=websocket 404 149 - 1.256 ms
2025-04-21T08:22:15.444Z [[32mhttp[39m]: GET /socket.io/?EIO=4&transport=websocket 404 149 - 2.227 ms
2025-04-21T08:22:23.285Z [[32mhttp[39m]: GET /socket.io/?EIO=4&transport=websocket 404 149 - 1.028 ms
2025-04-21T08:22:33.992Z [[32mhttp[39m]: GET /socket.io/?EIO=4&transport=websocket 404 149 - 2.150 ms
2025-04-21T08:22:44.060Z [[32mhttp[39m]: GET /socket.io/?EIO=4&transport=websocket 404 149 - 1.126 ms
2025-04-21T08:22:50.117Z [[32mhttp[39m]: GET /socket.io/?EIO=4&transport=websocket 404 149 - 1.619 ms
2025-04-21T08:22:56.113Z [[32mhttp[39m]: GET /socket.io/?EIO=4&transport=websocket 404 149 - 2.310 ms
2025-04-21T08:23:02.111Z [[32mhttp[39m]: GET /socket.io/?EIO=4&transport=websocket 404 149 - 1.622 ms
2025-04-21T08:23:08.188Z [[32mhttp[39m]: GET /socket.io/?EIO=4&transport=websocket 404 149 - 1.779 ms
2025-04-21T08:23:14.113Z [[32mhttp[39m]: GET /socket.io/?EIO=4&transport=websocket 404 149 - 0.821 ms
2025-04-21T08:23:20.124Z [[32mhttp[39m]: GET /socket.io/?EIO=4&transport=websocket 404 149 - 2.147 ms
2025-04-21T08:23:26.128Z [[32mhttp[39m]: GET /socket.io/?EIO=4&transport=websocket 404 149 - 1.430 ms
2025-04-21T08:23:32.129Z [[32mhttp[39m]: GET /socket.io/?EIO=4&transport=websocket 404 149 - 2.076 ms
2025-04-21T08:23:38.133Z [[32mhttp[39m]: GET /socket.io/?EIO=4&transport=websocket 404 149 - 0.581 ms
2025-04-21T08:23:44.146Z [[32mhttp[39m]: GET /socket.io/?EIO=4&transport=websocket 404 149 - 2.494 ms
2025-04-21T08:23:50.316Z [[32mhttp[39m]: GET /socket.io/?EIO=4&transport=websocket 404 149 - 2.178 ms
2025-04-21T08:23:56.185Z [[32mhttp[39m]: GET /socket.io/?EIO=4&transport=websocket 404 149 - 1.386 ms
2025-04-21T08:24:02.419Z [[32mhttp[39m]: GET /socket.io/?EIO=4&transport=websocket 404 149 - 0.863 ms
2025-04-21T08:24:08.620Z [[32mhttp[39m]: GET /socket.io/?EIO=4&transport=websocket 404 149 - 2.808 ms
2025-04-21T08:24:15.273Z [[32mhttp[39m]: GET /socket.io/?EIO=4&transport=websocket 404 149 - 0.740 ms
2025-04-21T08:24:22.726Z [[32mhttp[39m]: GET /socket.io/?EIO=4&transport=websocket 404 149 - 0.715 ms
2025-04-21T08:24:30.922Z [[32mhttp[39m]: GET /socket.io/?EIO=4&transport=websocket 404 149 - 2.877 ms
2025-04-21T08:24:40.654Z [[32mhttp[39m]: GET /socket.io/?EIO=4&transport=websocket 404 149 - 1.761 ms
2025-04-21T08:24:46.108Z [[32mhttp[39m]: GET /socket.io/?EIO=4&transport=websocket 404 149 - 1.238 ms
2025-04-21T08:24:52.109Z [[32mhttp[39m]: GET /socket.io/?EIO=4&transport=websocket 404 149 - 0.721 ms
2025-04-21T08:24:58.126Z [[32mhttp[39m]: GET /socket.io/?EIO=4&transport=websocket 404 149 - 2.777 ms
2025-04-21T08:25:04.119Z [[32mhttp[39m]: GET /socket.io/?EIO=4&transport=websocket 404 149 - 1.520 ms
2025-04-21T08:25:10.123Z [[32mhttp[39m]: GET /socket.io/?EIO=4&transport=websocket 404 149 - 2.519 ms
2025-04-21T08:25:16.184Z [[32mhttp[39m]: GET /socket.io/?EIO=4&transport=websocket 404 149 - 1.008 ms
2025-04-21T08:25:22.403Z [[32mhttp[39m]: GET /socket.io/?EIO=4&transport=websocket 404 149 - 1.096 ms
2025-04-21T08:25:28.127Z [[32mhttp[39m]: GET /socket.io/?EIO=4&transport=websocket 404 149 - 1.936 ms
2025-04-21T08:25:34.136Z [[32mhttp[39m]: GET /socket.io/?EIO=4&transport=websocket 404 149 - 3.123 ms
2025-04-21T08:25:40.138Z [[32mhttp[39m]: GET /socket.io/?EIO=4&transport=websocket 404 149 - 0.930 ms
2025-04-21T08:25:46.152Z [[32mhttp[39m]: GET /socket.io/?EIO=4&transport=websocket 404 149 - 1.175 ms
2025-04-21T08:25:52.262Z [[32mhttp[39m]: GET /socket.io/?EIO=4&transport=websocket 404 149 - 1.060 ms
2025-04-21T08:25:58.317Z [[32mhttp[39m]: GET /socket.io/?EIO=4&transport=websocket 404 149 - 0.983 ms
2025-04-21T08:26:04.559Z [[32mhttp[39m]: GET /socket.io/?EIO=4&transport=websocket 404 149 - 0.923 ms
2025-04-21T08:26:10.716Z [[32mhttp[39m]: GET /socket.io/?EIO=4&transport=websocket 404 149 - 0.942 ms
2025-04-21T08:26:17.068Z [[32mhttp[39m]: GET /socket.io/?EIO=4&transport=websocket 404 149 - 0.993 ms
2025-04-21T08:26:25.954Z [[32mhttp[39m]: GET /socket.io/?EIO=4&transport=websocket 404 149 - 2.599 ms
2025-04-21T08:26:35.921Z [[32mhttp[39m]: GET /socket.io/?EIO=4&transport=websocket 404 149 - 1.446 ms
2025-04-21T08:26:46.097Z [[32mhttp[39m]: GET /socket.io/?EIO=4&transport=websocket 404 149 - 1.011 ms
2025-04-21T08:26:52.643Z [[32mhttp[39m]: GET /socket.io/?EIO=4&transport=websocket 404 149 - 1.930 ms
2025-04-21T08:27:01.246Z [[32mhttp[39m]: GET /socket.io/?EIO=4&transport=websocket 404 149 - 1.223 ms
2025-04-21T08:27:10.597Z [[32mhttp[39m]: GET /socket.io/?EIO=4&transport=websocket 404 149 - 1.103 ms
2025-04-21T08:27:17.175Z [[32mhttp[39m]: GET /socket.io/?EIO=4&transport=websocket 404 149 - 0.976 ms
2025-04-21T08:27:25.915Z [[32mhttp[39m]: GET /socket.io/?EIO=4&transport=websocket 404 149 - 1.207 ms
2025-04-21T08:27:33.891Z [[32mhttp[39m]: GET /socket.io/?EIO=4&transport=websocket 404 149 - 0.752 ms
2025-04-21T08:27:41.089Z [[32mhttp[39m]: GET /socket.io/?EIO=4&transport=websocket 404 149 - 1.261 ms
2025-04-21T08:27:48.184Z [[32mhttp[39m]: GET /socket.io/?EIO=4&transport=websocket 404 149 - 1.399 ms
2025-04-21T08:27:56.693Z [[32mhttp[39m]: GET /socket.io/?EIO=4&transport=websocket 404 149 - 2.558 ms
2025-04-21T08:28:06.819Z [[32mhttp[39m]: GET /socket.io/?EIO=4&transport=websocket 404 149 - 2.074 ms
2025-04-21T08:28:14.877Z [[32mhttp[39m]: GET /socket.io/?EIO=4&transport=websocket 404 149 - 1.693 ms
2025-04-21T08:28:21.838Z [[32mhttp[39m]: GET /socket.io/?EIO=4&transport=websocket 404 149 - 0.719 ms
2025-04-21T08:28:31.159Z [[32mhttp[39m]: GET /socket.io/?EIO=4&transport=websocket 404 149 - 1.483 ms
2025-04-21T08:28:39.720Z [[32mhttp[39m]: GET /socket.io/?EIO=4&transport=websocket 404 149 - 1.807 ms
2025-04-21T08:28:47.629Z [[32mhttp[39m]: GET /socket.io/?EIO=4&transport=websocket 404 149 - 0.645 ms
2025-04-21T08:28:56.247Z [[32mhttp[39m]: GET /socket.io/?EIO=4&transport=websocket 404 149 - 1.029 ms
2025-04-21T08:29:03.639Z [[32mhttp[39m]: GET /socket.io/?EIO=4&transport=websocket 404 149 - 0.593 ms
2025-04-21T08:29:10.306Z [[32mhttp[39m]: GET /socket.io/?EIO=4&transport=websocket 404 149 - 8.525 ms
2025-04-21T08:29:19.197Z [[32mhttp[39m]: GET /socket.io/?EIO=4&transport=websocket 404 149 - 1.794 ms
2025-04-21T08:29:28.064Z [[32mhttp[39m]: GET /socket.io/?EIO=4&transport=websocket 404 149 - 1.057 ms
2025-04-21T08:29:37.115Z [[32mhttp[39m]: GET /socket.io/?EIO=4&transport=websocket 404 149 - 0.961 ms
2025-04-21T08:29:46.090Z [[32mhttp[39m]: GET /socket.io/?EIO=4&transport=websocket 404 149 - 0.721 ms
2025-04-21T08:29:55.607Z [[32mhttp[39m]: GET /socket.io/?EIO=4&transport=websocket 404 149 - 1.274 ms
2025-04-21T08:30:06.039Z [[32mhttp[39m]: GET /socket.io/?EIO=4&transport=websocket 404 149 - 0.888 ms
2025-04-21T08:30:14.504Z [[32mhttp[39m]: GET /socket.io/?EIO=4&transport=websocket 404 149 - 1.411 ms
2025-04-21T08:30:23.632Z [[32mhttp[39m]: GET /socket.io/?EIO=4&transport=websocket 404 149 - 1.872 ms
2025-04-21T08:30:33.718Z [[32mhttp[39m]: GET /socket.io/?EIO=4&transport=websocket 404 149 - 1.847 ms
2025-04-21T08:30:42.378Z [[32mhttp[39m]: GET /socket.io/?EIO=4&transport=websocket 404 149 - 1.628 ms
2025-04-21T08:30:48.116Z [[32mhttp[39m]: GET /socket.io/?EIO=4&transport=websocket 404 149 - 2.553 ms
2025-04-21T08:30:54.112Z [[32mhttp[39m]: GET /socket.io/?EIO=4&transport=websocket 404 149 - 2.438 ms
2025-04-21T08:31:00.119Z [[32mhttp[39m]: GET /socket.io/?EIO=4&transport=websocket 404 149 - 2.142 ms
2025-04-21T08:31:06.110Z [[32mhttp[39m]: GET /socket.io/?EIO=4&transport=websocket 404 149 - 1.996 ms
2025-04-21T08:31:12.289Z [[32mhttp[39m]: GET /socket.io/?EIO=4&transport=websocket 404 149 - 0.871 ms
2025-04-21T08:31:18.116Z [[32mhttp[39m]: GET /socket.io/?EIO=4&transport=websocket 404 149 - 1.468 ms
2025-04-21T08:31:24.327Z [[32mhttp[39m]: GET /socket.io/?EIO=4&transport=websocket 404 149 - 0.956 ms
2025-04-21T08:31:30.342Z [[32mhttp[39m]: GET /socket.io/?EIO=4&transport=websocket 404 149 - 0.747 ms
2025-04-21T08:31:32.469Z [[32mhttp[39m]: GET /socket.io/?EIO=4&transport=websocket 404 149 - 23.282 ms
2025-04-21T08:31:33.305Z [[32mhttp[39m]: GET /api/cart/get 404 151 - 1.658 ms
2025-04-21T08:31:33.312Z [[32mhttp[39m]: GET /api/notifications/student/36 404 167 - 5.199 ms
2025-04-21T08:31:33.314Z [[32mhttp[39m]: GET /posts/approved? 404 153 - 3.799 ms
2025-04-21T08:31:33.326Z [[32mhttp[39m]: GET /api/cart/get 404 151 - 11.181 ms
2025-04-21T08:31:33.328Z [[32mhttp[39m]: GET /listings/available?preference=top_items_for_rent&userId=36 404 157 - 1.753 ms
2025-04-21T08:31:33.341Z [[32mhttp[39m]: GET /item-for-sale/available?preference=new_items_for_sale&userId=36 404 162 - 11.860 ms
2025-04-21T08:31:33.347Z [[32mhttp[39m]: GET /user/info/36 404 151 - 3.860 ms
2025-04-21T08:31:33.348Z [[32mhttp[39m]: GET /api/system-config/ 404 157 - 3.905 ms
2025-04-21T08:31:33.350Z [[32mhttp[39m]: GET /socket.io/?EIO=4&transport=websocket 404 149 - 3.949 ms
2025-04-21T08:31:33.356Z [[32mhttp[39m]: GET /api/cart/get 404 151 - 0.871 ms
2025-04-21T08:31:33.359Z [[32mhttp[39m]: GET /api/notifications/student/36 404 167 - 0.928 ms
2025-04-21T08:31:33.368Z [[32mhttp[39m]: GET /api/cart/get 404 151 - 0.932 ms
2025-04-21T08:31:33.371Z [[32mhttp[39m]: GET /posts/approved? 404 153 - 0.971 ms
2025-04-21T08:31:33.378Z [[32mhttp[39m]: GET /listings/available?preference=top_items_for_rent&userId=36 404 157 - 0.917 ms
2025-04-21T08:31:33.383Z [[32mhttp[39m]: GET /item-for-sale/available?preference=new_items_for_sale&userId=36 404 162 - 0.886 ms
2025-04-21T08:31:33.390Z [[32mhttp[39m]: GET /user/info/36 404 151 - 0.883 ms
2025-04-21T08:31:33.396Z [[32mhttp[39m]: GET /api/system-config/ 404 157 - 1.065 ms
2025-04-21T08:31:33.456Z [[32mhttp[39m]: GET /socket.io/?EIO=4&transport=websocket 404 149 - 1.007 ms
2025-04-21T08:31:33.470Z [[32mhttp[39m]: GET /socket.io/?EIO=4&transport=polling&t=thf8b9v8 404 149 - 1.042 ms
2025-04-21T08:31:36.116Z [[32mhttp[39m]: GET /socket.io/?EIO=4&transport=websocket 404 149 - 1.111 ms
2025-04-21T08:31:36.119Z [[32mhttp[39m]: GET /socket.io/?EIO=4&transport=polling&t=thh9o4yi 404 149 - 1.208 ms
2025-04-21T08:31:36.133Z [[32mhttp[39m]: GET /socket.io/?EIO=4&transport=websocket 404 149 - 1.056 ms
2025-04-21T08:31:37.138Z [[32mhttp[39m]: GET /socket.io/?EIO=4&transport=websocket 404 149 - 9.421 ms
2025-04-21T08:31:37.156Z [[32mhttp[39m]: GET /socket.io/?EIO=4&transport=websocket 404 149 - 1.699 ms
2025-04-21T08:31:38.118Z [[32mhttp[39m]: GET /socket.io/?EIO=4&transport=polling&t=thit3d73 404 149 - 2.087 ms
2025-04-21T08:31:39.107Z [[32mhttp[39m]: GET /socket.io/?EIO=4&transport=websocket 404 149 - 1.740 ms
2025-04-21T08:31:40.118Z [[32mhttp[39m]: GET /socket.io/?EIO=4&transport=websocket 404 149 - 2.165 ms
2025-04-21T08:31:41.110Z [[32mhttp[39m]: GET /socket.io/?EIO=4&transport=websocket 404 149 - 1.176 ms
2025-04-21T08:31:41.125Z [[32mhttp[39m]: GET /socket.io/?EIO=4&transport=polling&t=thl4k0ka 404 149 - 1.146 ms
2025-04-21T08:31:42.111Z [[32mhttp[39m]: GET /socket.io/?EIO=4&transport=websocket 404 149 - 1.342 ms
2025-04-21T08:31:42.136Z [[32mhttp[39m]: GET /socket.io/?EIO=4&transport=websocket 404 149 - 0.774 ms
2025-04-21T08:31:46.117Z [[32mhttp[39m]: GET /socket.io/?EIO=4&transport=websocket 404 149 - 1.089 ms
2025-04-21T08:31:47.121Z [[32mhttp[39m]: GET /socket.io/?EIO=4&transport=polling&t=thpr2xyu 404 149 - 3.487 ms
2025-04-21T08:31:48.165Z [[32mhttp[39m]: GET /socket.io/?EIO=4&transport=websocket 404 149 - 0.898 ms
2025-04-21T08:31:51.256Z [[32mhttp[39m]: GET /socket.io/?EIO=4&transport=websocket 404 149 - 2.747 ms
2025-04-21T08:31:53.119Z [[32mhttp[39m]: GET /socket.io/?EIO=4&transport=polling&t=thudq3xj 404 149 - 2.205 ms
2025-04-21T08:31:54.322Z [[32mhttp[39m]: GET /socket.io/?EIO=4&transport=websocket 404 149 - 0.898 ms
2025-04-21T08:31:57.128Z [[32mhttp[39m]: GET /socket.io/?EIO=4&transport=websocket 404 149 - 2.335 ms
2025-04-21T08:31:59.123Z [[32mhttp[39m]: GET /socket.io/?EIO=4&transport=polling&t=thz0hfrc 404 149 - 3.170 ms
2025-04-21T08:32:00.300Z [[32mhttp[39m]: GET /socket.io/?EIO=4&transport=websocket 404 149 - 1.742 ms
2025-04-21T08:32:05.430Z [[32mhttp[39m]: GET /socket.io/?EIO=4&transport=websocket 404 149 - 0.803 ms
2025-04-21T08:32:05.475Z [[32mhttp[39m]: GET /socket.io/?EIO=4&transport=polling&t=ti3wbamt 404 149 - 0.797 ms
2025-04-21T08:32:06.456Z [[32mhttp[39m]: GET /socket.io/?EIO=4&transport=websocket 404 149 - 0.655 ms
2025-04-21T08:32:11.124Z [[32mhttp[39m]: GET /socket.io/?EIO=4&transport=websocket 404 149 - 1.474 ms
2025-04-21T08:32:11.127Z [[32mhttp[39m]: GET /socket.io/?EIO=4&transport=polling&t=ti89s0q9 404 149 - 1.553 ms
2025-04-21T08:32:13.240Z [[32mhttp[39m]: GET /socket.io/?EIO=4&transport=websocket 404 149 - 0.865 ms
2025-04-21T08:32:16.168Z [[32mhttp[39m]: GET /socket.io/?EIO=4&transport=websocket 404 149 - 1.720 ms
2025-04-21T08:32:16.172Z [[32mhttp[39m]: GET /socket.io/?EIO=4&transport=polling&t=tic659ma 404 149 - 0.965 ms
2025-04-21T08:32:21.737Z [[32mhttp[39m]: GET /socket.io/?EIO=4&transport=websocket 404 149 - 1.902 ms
2025-04-21T08:32:22.105Z [[32mhttp[39m]: GET /socket.io/?EIO=4&transport=websocket 404 149 - 0.912 ms
2025-04-21T08:32:22.126Z [[32mhttp[39m]: GET /socket.io/?EIO=4&transport=polling&t=tigrhr1f 404 149 - 0.960 ms
2025-04-21T08:32:28.387Z [[32mhttp[39m]: GET /socket.io/?EIO=4&transport=websocket 404 149 - 0.731 ms
2025-04-21T08:32:28.416Z [[32mhttp[39m]: GET /socket.io/?EIO=4&transport=polling&t=tillve72 404 149 - 0.689 ms
2025-04-21T08:32:30.244Z [[32mhttp[39m]: GET /socket.io/?EIO=4&transport=websocket 404 149 - 0.699 ms
2025-04-21T08:32:34.473Z [[32mhttp[39m]: GET /socket.io/?EIO=4&transport=websocket 404 149 - 1.174 ms
2025-04-21T08:32:34.501Z [[32mhttp[39m]: GET /socket.io/?EIO=4&transport=polling&t=tiqb5uhi 404 149 - 1.472 ms
2025-04-21T08:32:37.500Z [[32mhttp[39m]: GET /socket.io/?EIO=4&transport=websocket 404 149 - 0.952 ms
2025-04-21T08:32:40.297Z [[32mhttp[39m]: GET /socket.io/?EIO=4&transport=websocket 404 149 - 2.707 ms
2025-04-21T08:32:42.757Z [[32mhttp[39m]: GET /socket.io/?EIO=4&transport=polling&t=tiuqd80e 404 149 - 0.745 ms
2025-04-21T08:32:45.749Z [[32mhttp[39m]: GET /socket.io/?EIO=4&transport=websocket 404 149 - 1.093 ms
2025-04-21T08:32:46.744Z [[32mhttp[39m]: GET /socket.io/?EIO=4&transport=websocket 404 149 - 0.640 ms
2025-04-21T08:33:10.593Z [[32mhttp[39m]: GET /socket.io/?EIO=4&transport=websocket 404 149 - 1.609 ms
2025-04-21T08:33:12.654Z [[32mhttp[39m]: GET /api/cart/get 404 151 - 1.617 ms
2025-04-21T08:33:12.660Z [[32mhttp[39m]: GET /api/cart/get 404 151 - 1.674 ms
2025-04-21T08:33:12.673Z [[32mhttp[39m]: GET /posts/approved? 404 153 - 1.661 ms
2025-04-21T08:33:12.684Z [[32mhttp[39m]: GET /listings/available?preference=top_items_for_rent&userId=36 404 157 - 1.479 ms
2025-04-21T08:33:12.688Z [[32mhttp[39m]: GET /item-for-sale/available?preference=new_items_for_sale&userId=36 404 162 - 1.741 ms
2025-04-21T08:33:12.703Z [[32mhttp[39m]: GET /user/info/36 404 151 - 1.372 ms
2025-04-21T08:33:12.712Z [[32mhttp[39m]: GET /socket.io/?EIO=4&transport=websocket 404 149 - 2.008 ms
2025-04-21T08:33:12.719Z [[32mhttp[39m]: GET /api/system-config/ 404 157 - 1.481 ms
2025-04-21T08:33:12.749Z [[32mhttp[39m]: GET /api/cart/get 404 151 - 2.150 ms
2025-04-21T08:33:12.756Z [[32mhttp[39m]: GET /posts/approved? 404 153 - 1.698 ms
2025-04-21T08:33:12.767Z [[32mhttp[39m]: GET /api/cart/get 404 151 - 1.651 ms
2025-04-21T08:33:12.774Z [[32mhttp[39m]: GET /item-for-sale/available?preference=new_items_for_sale&userId=36 404 162 - 3.184 ms
2025-04-21T08:33:12.778Z [[32mhttp[39m]: GET /listings/available?preference=top_items_for_rent&userId=36 404 157 - 3.716 ms
2025-04-21T08:33:12.789Z [[32mhttp[39m]: GET /user/info/36 404 151 - 5.467 ms
2025-04-21T08:33:12.803Z [[32mhttp[39m]: GET /api/system-config/ 404 157 - 3.150 ms
2025-04-21T08:33:12.805Z [[32mhttp[39m]: GET /socket.io/?EIO=4&transport=websocket 404 149 - 7.084 ms
2025-04-21T08:33:13.932Z [[32mhttp[39m]: GET /socket.io/?EIO=4&transport=polling&t=tjkqxek9 404 149 - 1.062 ms
2025-04-21T08:33:16.108Z [[32mhttp[39m]: GET /socket.io/?EIO=4&transport=websocket 404 149 - 1.426 ms
2025-04-21T08:33:17.113Z [[32mhttp[39m]: GET /socket.io/?EIO=4&transport=websocket 404 149 - 2.776 ms
2025-04-21T08:33:17.129Z [[32mhttp[39m]: GET /socket.io/?EIO=4&transport=polling&t=tjn7avf8 404 149 - 1.866 ms
2025-05-10T01:18:02.101Z [[32mhttp[39m]: POST /api/auth/login 200 38 - 717.636 ms
2025-05-10T01:18:12.535Z [[32mhttp[39m]: GET /api/blogs 201 7881 - 488.755 ms
2025-05-10T01:18:12.625Z [[32mhttp[39m]: GET /uploads/1743127628596-412479926.webp 200 89594 - 10.490 ms
2025-05-10T01:19:59.927Z [[32mhttp[39m]: GET /uploads/1743127628596-412479926.webp 304 - - 2.475 ms
2025-05-10T01:20:00.119Z [[32mhttp[39m]: GET /api/blogs 201 7881 - 300.239 ms
2025-05-10T01:20:08.344Z [[32mhttp[39m]: GET /api/blogs/update-the-art-of-brewing-1 200 3661 - 44.465 ms
2025-05-10T01:20:20.104Z [[32mhttp[39m]: GET /api/blogs 201 7881 - 248.983 ms
2025-05-10T01:20:24.574Z [[32mhttp[39m]: GET /api/blogs/the-evolution-of-digital-innovation 200 3180 - 17.440 ms
2025-05-10T01:20:24.629Z [[32mhttp[39m]: GET /uploads/1743127628597-251114029.webp 200 51118 - 7.140 ms
2025-05-10T01:20:24.683Z [[32mhttp[39m]: GET /uploads/1743127628599-16462109.webp 200 48216 - 52.526 ms
2025-05-10T01:20:24.687Z [[32mhttp[39m]: GET /uploads/1743127628601-768746754.jpg 200 17592 - 49.977 ms
2025-05-10T01:20:24.692Z [[32mhttp[39m]: GET /uploads/1743127628600-919084392.jpg 200 74061 - 51.182 ms
2025-05-10T01:20:37.524Z [[32mhttp[39m]: GET /api/blogs 201 7881 - 292.016 ms
2025-05-10T01:22:07.246Z [[32mhttp[39m]: GET /api/blogs 201 7881 - 318.882 ms
2025-05-10T01:25:05.354Z [[32mhttp[39m]: GET /api/blogs 201 7881 - 163.537 ms
2025-05-10T01:25:19.200Z [[32mhttp[39m]: GET /api/blogs 201 7881 - 323.986 ms
2025-05-10T01:25:27.570Z [[32mhttp[39m]: GET /api/blogs 201 7881 - 10.250 ms
2025-05-10T01:25:39.949Z [[32mhttp[39m]: GET /api/blogs/update-the-art-of-brewing-1 304 - - 243.451 ms
2025-05-10T01:25:39.960Z [[32mhttp[39m]: GET /api/blogs/update-the-art-of-brewing-1 304 - - 7.146 ms
2025-05-10T01:25:50.398Z [[31merror[39m]: Validation failed: {"slug":["Slug can only contain lowercase letters, numbers, and hyphens"]}
2025-05-10T01:25:50.400Z [[32mhttp[39m]: PUT /api/blogs/update-the-art-of-brewing-1 400 115 - 392.643 ms
2025-05-10T01:29:49.611Z [[31merror[39m]: Validation failed: {"slug":["Slug can only contain lowercase letters, numbers, and hyphens"]}
2025-05-10T01:29:49.612Z [[32mhttp[39m]: PUT /api/blogs/update-the-art-of-brewing-1 400 115 - 281.507 ms
2025-05-10T01:30:37.551Z [[32mhttp[39m]: GET /api/blogs/update-the-art-of-brewing-1 304 - - 1035.073 ms
2025-05-10T01:30:41.600Z [[32mhttp[39m]: PUT /api/blogs/update-the-art-of-brewing-1 200 6422 - 284.924 ms
2025-05-10T01:30:55.198Z [[31merror[39m]: Unhandled error: Failed to fetch blog: Blog does not exist
2025-05-10T01:30:55.199Z [[32mhttp[39m]: PUT /api/blogs/update-the-art-of-brewing-1 500 68 - 275.145 ms
2025-05-10T01:31:13.364Z [[31merror[39m]: Unhandled error: Failed to fetch blog: Blog does not exist
2025-05-10T01:31:13.366Z [[32mhttp[39m]: PUT /api/blogs/update-the-art-of-brewing-1 500 68 - 379.342 ms
2025-05-10T01:32:41.241Z [[31merror[39m]: Unhandled error: Failed to fetch blog: Blog does not exist
2025-05-10T01:32:41.252Z [[32mhttp[39m]: PUT /api/blogs/update-the-art-of-brewing-1 500 68 - 561.241 ms
2025-05-10T01:34:11.472Z [[31merror[39m]: Unhandled error: Failed to fetch blog: Blog does not exist
2025-05-10T01:34:11.475Z [[32mhttp[39m]: PUT /api/blogs/update-the-art-of-brewing-1 500 68 - 372.918 ms
2025-05-10T01:37:40.296Z [[31merror[39m]: Unhandled error: Failed to fetch blog: Blog does not exist
2025-05-10T01:37:40.308Z [[32mhttp[39m]: PUT /api/blogs/update-the-art-of-brewing-1 500 68 - 236.998 ms
2025-05-10T01:39:13.521Z [[31merror[39m]: Unhandled error: Failed to fetch blog: Blog does not exist
2025-05-10T01:39:13.524Z [[32mhttp[39m]: PUT /api/blogs/update-the-art-of-brewing-1 500 68 - 204.399 ms
2025-05-10T01:39:28.720Z [[31merror[39m]: Unhandled error: Failed to fetch blog: Blog does not exist
2025-05-10T01:39:28.722Z [[32mhttp[39m]: PUT /api/blogs/update-the-art-of-brewing-1 500 68 - 182.028 ms
2025-05-10T01:40:59.329Z [[31merror[39m]: Unhandled error: Failed to fetch blog: Blog does not exist
2025-05-10T01:40:59.338Z [[32mhttp[39m]: PUT /api/blogs/update-the-art-of-brewing-1 500 68 - 196.458 ms
2025-05-10T01:44:28.785Z [[32mhttp[39m]: GET /api/blogs/update-the-art-of-brewing 200 3659 - 867.705 ms
2025-05-10T01:44:41.813Z [[32mhttp[39m]: PUT /api/blogs/update-the-art-of-brewing 200 6427 - 232.799 ms
2025-05-10T01:44:54.133Z [[32mhttp[39m]: GET /api/blogs 201 7884 - 137.141 ms
2025-05-10T01:44:54.187Z [[32mhttp[39m]: GET /uploads/1743127628596-412479926.webp 304 - - 8.402 ms
2025-05-10T01:44:59.687Z [[32mhttp[39m]: GET /api/blogs/update-the-art-of-brewing-1 200 3664 - 45.652 ms
2025-05-10T01:45:03.162Z [[32mhttp[39m]: GET /api/blogs 201 7884 - 14.630 ms
2025-05-10T01:45:06.907Z [[32mhttp[39m]: GET /api/blogs/the-evolution-of-digital-innovation 200 3180 - 39.899 ms
2025-05-10T01:45:06.954Z [[32mhttp[39m]: GET /uploads/1743127628597-251114029.webp 200 51118 - 20.372 ms
2025-05-10T01:45:06.962Z [[32mhttp[39m]: GET /uploads/1743127628599-16462109.webp 200 48216 - 25.984 ms
2025-05-10T01:45:06.965Z [[32mhttp[39m]: GET /uploads/1743127628601-768746754.jpg 200 17592 - 24.866 ms
2025-05-10T01:45:06.975Z [[32mhttp[39m]: GET /uploads/1743127628600-919084392.jpg 200 74061 - 29.739 ms
2025-05-10T01:45:13.062Z [[32mhttp[39m]: GET /api/blogs 201 7884 - 11.954 ms
2025-05-10T01:45:25.160Z [[32mhttp[39m]: GET /api/blogs 201 7884 - 276.234 ms
2025-05-10T01:46:25.485Z [[32mhttp[39m]: GET /api/blogs 201 7859 - 168.277 ms
2025-05-10T01:46:27.513Z [[32mhttp[39m]: GET /api/blogs 201 7859 - 11.831 ms
2025-05-10T01:46:27.695Z [[32mhttp[39m]: GET /uploads/1743127628596-412479926.webp 304 - - 1.397 ms
2025-05-10T01:46:31.901Z [[32mhttp[39m]: GET /api/blogs/update-the-art-of-brewing-1 200 3639 - 46.996 ms
2025-05-10T01:46:37.664Z [[31merror[39m]: Unhandled error: Failed to fetch blog: Blog does not exist
2025-05-10T01:46:37.666Z [[32mhttp[39m]: GET /api/blogs/update-the-art-of-brewing 500 68 - 40.751 ms
2025-05-10T01:46:38.784Z [[31merror[39m]: Unhandled error: Failed to fetch blog: Blog does not exist
2025-05-10T01:46:38.786Z [[32mhttp[39m]: GET /api/blogs/update-the-art-of-brewing 500 68 - 13.430 ms
2025-05-10T01:46:40.836Z [[31merror[39m]: Unhandled error: Failed to fetch blog: Blog does not exist
2025-05-10T01:46:40.842Z [[32mhttp[39m]: GET /api/blogs/update-the-art-of-brewing 500 68 - 27.506 ms
2025-05-10T01:47:03.935Z [[31merror[39m]: Unhandled error: Failed to fetch blog: Blog does not exist
2025-05-10T01:47:03.937Z [[32mhttp[39m]: GET /api/blogs/update-the-art-of-brewing 500 68 - 250.052 ms
2025-05-10T01:47:08.572Z [[32mhttp[39m]: GET /api/blogs/update-the-art-of-brewing-1 304 - - 61.114 ms
2025-05-10T01:47:11.174Z [[32mhttp[39m]: GET /api/blogs/update-the-art-of-brewing-1 304 - - 61.568 ms
2025-05-10T01:48:32.314Z [[32mhttp[39m]: GET /api/blogs/update-the-art-of-brewing-1 304 - - 397.804 ms
2025-05-10T01:48:33.767Z [[32mhttp[39m]: GET /api/blogs/update-the-art-of-brewing-1 304 - - 149.215 ms
2025-05-10T01:49:07.613Z [[31merror[39m]: Unhandled error: Failed to fetch blog: Blog does not exist
2025-05-10T01:49:07.614Z [[32mhttp[39m]: GET /api/blogs/update-the-art-of-brewing-1 500 68 - 154.719 ms
2025-05-10T01:49:08.667Z [[31merror[39m]: Unhandled error: Failed to fetch blog: Blog does not exist
2025-05-10T01:49:08.670Z [[32mhttp[39m]: GET /api/blogs/update-the-art-of-brewing-1 500 68 - 38.210 ms
2025-05-10T01:49:10.706Z [[31merror[39m]: Unhandled error: Failed to fetch blog: Blog does not exist
2025-05-10T01:49:10.708Z [[32mhttp[39m]: GET /api/blogs/update-the-art-of-brewing-1 500 68 - 21.568 ms
2025-05-10T01:49:12.136Z [[32mhttp[39m]: GET /api/blogs 201 7837 - 9.889 ms
2025-05-10T01:49:12.207Z [[32mhttp[39m]: GET /uploads/1743127628596-412479926.webp 304 - - 1.593 ms
2025-05-10T01:49:15.423Z [[32mhttp[39m]: GET /api/blogs/bakit 200 3617 - 113.035 ms
2025-05-10T01:49:20.045Z [[32mhttp[39m]: GET /api/blogs 201 7837 - 11.674 ms
2025-05-10T01:49:26.515Z [[32mhttp[39m]: GET /api/blogs 201 7837 - 12.704 ms
2025-05-10T01:49:29.891Z [[32mhttp[39m]: GET /api/blogs/bakit 304 - - 143.441 ms
2025-05-10T01:49:30.085Z [[32mhttp[39m]: GET /api/blogs/bakit 304 - - 174.875 ms
2025-05-10T01:49:44.532Z [[32mhttp[39m]: PUT /api/blogs/bakit 200 6415 - 202.062 ms
2025-05-10T01:49:49.460Z [[32mhttp[39m]: GET /uploads/1743127628596-412479926.webp 304 - - 2.276 ms
2025-05-10T01:49:49.714Z [[32mhttp[39m]: GET /api/blogs 201 7872 - 9.567 ms
2025-05-10T01:49:52.947Z [[32mhttp[39m]: GET /api/blogs/ano-ba-magandang-title 200 3652 - 40.005 ms
2025-05-10T01:49:59.499Z [[32mhttp[39m]: GET /api/blogs 201 7872 - 9.573 ms
2025-05-10T01:50:03.051Z [[32mhttp[39m]: GET /api/blogs 201 7872 - 10.008 ms
2025-05-10T01:50:06.035Z [[32mhttp[39m]: GET /api/blogs/ano-ba-magandang-title 304 - - 68.889 ms
2025-05-10T01:50:06.097Z [[32mhttp[39m]: GET /api/blogs/ano-ba-magandang-title 304 - - 42.041 ms
2025-05-10T01:50:41.619Z [[32mhttp[39m]: PUT /api/blogs/ano-ba-magandang-title 200 6340 - 218.263 ms
2025-05-10T01:50:46.449Z [[32mhttp[39m]: GET /uploads/1743127628596-412479926.webp 304 - - 1.603 ms
2025-05-10T01:50:46.757Z [[32mhttp[39m]: GET /api/blogs 201 7797 - 8.672 ms
2025-05-10T01:50:49.377Z [[32mhttp[39m]: GET /api/blogs/coffee 200 3577 - 55.572 ms
2025-05-10T01:50:54.460Z [[32mhttp[39m]: GET /api/blogs 201 7797 - 6.404 ms
2025-05-10T01:50:57.786Z [[32mhttp[39m]: GET /api/blogs/the-future-of-technology-unique123 200 1172 - 38.468 ms
2025-05-10T01:51:01.376Z [[32mhttp[39m]: GET /uploads/1743127628596-412479926.webp 304 - - 1.603 ms
2025-05-10T01:51:01.738Z [[32mhttp[39m]: GET /api/blogs 201 7797 - 8.297 ms
2025-05-10T01:51:05.232Z [[32mhttp[39m]: GET /api/blogs 201 7797 - 8.117 ms
2025-05-10T01:51:12.213Z [[32mhttp[39m]: DELETE /api/blogs/the-future-of-technology-unique123 200 40 - 24.724 ms
2025-05-10T01:51:20.190Z [[32mhttp[39m]: GET /api/blogs 201 6755 - 16.198 ms
2025-05-10T01:51:31.869Z [[32mhttp[39m]: GET /api/blogs 201 6755 - 231.889 ms
2025-05-10T02:06:06.561Z [[32mhttp[39m]: GET /api/blogs 201 6755 - 306.734 ms
2025-05-10T02:06:39.937Z [[32mhttp[39m]: GET /blob:http://localhost:3000/111cda53-a777-48ab-9692-1704a1341001 404 202 - 14.286 ms
2025-05-10T02:07:01.660Z [[32mhttp[39m]: POST /api/blogs 201 387 - 176.962 ms
2025-05-10T02:07:06.207Z [[32mhttp[39m]: GET /uploads/1743127628596-412479926.webp 304 - - 8.914 ms
2025-05-10T02:07:06.534Z [[32mhttp[39m]: GET /api/blogs 201 7391 - 12.499 ms
2025-05-10T02:07:13.208Z [[32mhttp[39m]: GET /api/blogs/this-is-new-blog 200 792 - 113.099 ms
2025-05-10T02:07:25.193Z [[32mhttp[39m]: GET /api/blogs 201 7391 - 284.004 ms
2025-05-10T02:08:33.590Z [[32mhttp[39m]: GET /api/blogs 201 7391 - 157.477 ms
2025-05-10T02:08:36.127Z [[32mhttp[39m]: GET /api/blogs/coffee 304 - - 38.224 ms
2025-05-10T02:08:41.826Z [[32mhttp[39m]: GET /api/blogs 201 7391 - 14.407 ms
2025-05-10T02:08:47.235Z [[32mhttp[39m]: GET /api/blogs/this-is-new-blog 304 - - 29.325 ms
2025-05-10T02:08:47.261Z [[32mhttp[39m]: GET /api/blogs/this-is-new-blog 304 - - 22.467 ms
2025-05-10T02:09:27.914Z [[32mhttp[39m]: GET /blob:http://localhost:3000/74777cf2-698a-4c4c-a0f9-2844271f1d36 404 202 - 1.126 ms
2025-05-10T02:09:45.963Z [[31merror[39m]: Unhandled error: Unexpected token 'h', "this is list" is not valid JSON
2025-05-10T02:09:45.965Z [[32mhttp[39m]: PUT /api/blogs/this-is-new-blog 500 68 - 259.529 ms
2025-05-10T02:10:46.990Z [[31merror[39m]: Unhandled error: Failed to fetch blog: Blog does not exist
2025-05-10T02:10:46.991Z [[32mhttp[39m]: PUT /api/blogs/this-is-new-blog 500 68 - 202.209 ms
2025-05-10T02:11:04.442Z [[31merror[39m]: Unhandled error: Failed to fetch blog: Blog does not exist
2025-05-10T02:11:04.443Z [[32mhttp[39m]: GET /api/blogs/this-is-new-blog 500 68 - 282.605 ms
2025-05-10T02:11:09.312Z [[32mhttp[39m]: GET /api/blogs 201 7862 - 9.723 ms
2025-05-10T02:11:09.385Z [[32mhttp[39m]: GET /uploads/1743127628596-412479926.webp 304 - - 2.732 ms
2025-05-10T02:11:12.516Z [[32mhttp[39m]: GET /api/blogs/this-is-updated-blog 200 1220 - 29.504 ms
2025-05-10T02:11:12.556Z [[32mhttp[39m]: GET /uploads/1746842985732-937083675.jpg 200 1151998 - 3.629 ms
2025-05-10T02:11:28.907Z [[32mhttp[39m]: GET /api/blogs 201 7862 - 151.121 ms
2025-05-10T02:12:01.705Z [[32mhttp[39m]: GET /api/blogs 201 7862 - 213.643 ms
2025-05-10T02:19:03.559Z [[31merror[39m]: HttpError - 400: Token is required.
2025-05-10T02:19:03.561Z [[32mhttp[39m]: PUT /api/blogs/this-is-new-blog 400 32 - 22.070 ms
2025-05-10T02:25:46.676Z [[32mhttp[39m]: GET /api/blogs 201 7862 - 160.077 ms
2025-05-10T02:25:55.207Z [[32mhttp[39m]: GET /api/blogs 201 7862 - 14.100 ms
2025-05-10T02:26:05.962Z [[32mhttp[39m]: GET /api/blogs 201 7862 - 246.767 ms
2025-05-10T02:26:40.016Z [[32mhttp[39m]: GET /api/blogs 201 7862 - 179.441 ms
